CRITICAL - 2022-04-01 04:29:55 --> Undefined variable $check
#0 C:\xampp1\htdocs\codeigniter4-CodeIgniter4-202f41a\app\Controllers\Login.php(16): CodeIgniter\Debug\Exceptions->errorHandler(2, 'Undefined varia...', 'C:\\xampp1\\htdoc...', 16)
#1 C:\xampp1\htdocs\codeigniter4-CodeIgniter4-202f41a\system\CodeIgniter.php(832): App\Controllers\Login->login()
#2 C:\xampp1\htdocs\codeigniter4-CodeIgniter4-202f41a\system\CodeIgniter.php(419): CodeIgniter\CodeIgniter->runController(Object(App\Controllers\Login))
#3 C:\xampp1\htdocs\codeigniter4-CodeIgniter4-202f41a\system\CodeIgniter.php(326): CodeIgniter\CodeIgniter->handleRequest(NULL, Object(Config\Cache), false)
#4 C:\xampp1\htdocs\codeigniter4-CodeIgniter4-202f41a\public\index.php(37): CodeIgniter\CodeIgniter->run()
#5 C:\xampp1\htdocs\codeigniter4-CodeIgniter4-202f41a\system\Commands\Server\rewrite.php(43): require_once('C:\\xampp1\\htdoc...')
#6 {main}
ERROR - 2022-04-01 04:30:41 --> Column 'email' cannot be null
CRITICAL - 2022-04-01 04:30:41 --> Column 'email' cannot be null
#0 C:\xampp1\htdocs\codeigniter4-CodeIgniter4-202f41a\system\Database\MySQLi\Connection.php(292): mysqli->query('INSERT INTO `us...', 0)
#1 C:\xampp1\htdocs\codeigniter4-CodeIgniter4-202f41a\system\Database\BaseConnection.php(670): CodeIgniter\Database\MySQLi\Connection->execute('INSERT INTO `us...')
#2 C:\xampp1\htdocs\codeigniter4-CodeIgniter4-202f41a\system\Database\BaseConnection.php(598): CodeIgniter\Database\BaseConnection->simpleQuery('INSERT INTO `us...')
#3 C:\xampp1\htdocs\codeigniter4-CodeIgniter4-202f41a\system\Database\BaseBuilder.php(1771): CodeIgniter\Database\BaseConnection->query('INSERT INTO `us...', Array, false)
#4 C:\xampp1\htdocs\codeigniter4-CodeIgniter4-202f41a\system\Model.php(239): CodeIgniter\Database\BaseBuilder->insert()
#5 C:\xampp1\htdocs\codeigniter4-CodeIgniter4-202f41a\system\BaseModel.php(738): CodeIgniter\Model->doInsert(Array)
#6 C:\xampp1\htdocs\codeigniter4-CodeIgniter4-202f41a\system\Model.php(625): CodeIgniter\BaseModel->insert(Array, true)
#7 C:\xampp1\htdocs\codeigniter4-CodeIgniter4-202f41a\app\Controllers\Login.php(22): CodeIgniter\Model->insert(Array)
#8 C:\xampp1\htdocs\codeigniter4-CodeIgniter4-202f41a\system\CodeIgniter.php(832): App\Controllers\Login->login()
#9 C:\xampp1\htdocs\codeigniter4-CodeIgniter4-202f41a\system\CodeIgniter.php(419): CodeIgniter\CodeIgniter->runController(Object(App\Controllers\Login))
#10 C:\xampp1\htdocs\codeigniter4-CodeIgniter4-202f41a\system\CodeIgniter.php(326): CodeIgniter\CodeIgniter->handleRequest(NULL, Object(Config\Cache), false)
#11 C:\xampp1\htdocs\codeigniter4-CodeIgniter4-202f41a\public\index.php(37): CodeIgniter\CodeIgniter->run()
#12 C:\xampp1\htdocs\codeigniter4-CodeIgniter4-202f41a\system\Commands\Server\rewrite.php(43): require_once('C:\\xampp1\\htdoc...')
#13 {main}
ERROR - 2022-04-01 05:18:06 --> Column 'email' cannot be null
CRITICAL - 2022-04-01 05:18:06 --> Column 'email' cannot be null
#0 C:\xampp1\htdocs\codeigniter4-CodeIgniter4-202f41a\system\Database\MySQLi\Connection.php(292): mysqli->query('INSERT INTO `us...', 0)
#1 C:\xampp1\htdocs\codeigniter4-CodeIgniter4-202f41a\system\Database\BaseConnection.php(670): CodeIgniter\Database\MySQLi\Connection->execute('INSERT INTO `us...')
#2 C:\xampp1\htdocs\codeigniter4-CodeIgniter4-202f41a\system\Database\BaseConnection.php(598): CodeIgniter\Database\BaseConnection->simpleQuery('INSERT INTO `us...')
#3 C:\xampp1\htdocs\codeigniter4-CodeIgniter4-202f41a\system\Database\BaseBuilder.php(1771): CodeIgniter\Database\BaseConnection->query('INSERT INTO `us...', Array, false)
#4 C:\xampp1\htdocs\codeigniter4-CodeIgniter4-202f41a\system\Model.php(239): CodeIgniter\Database\BaseBuilder->insert()
#5 C:\xampp1\htdocs\codeigniter4-CodeIgniter4-202f41a\system\BaseModel.php(738): CodeIgniter\Model->doInsert(Array)
#6 C:\xampp1\htdocs\codeigniter4-CodeIgniter4-202f41a\system\Model.php(625): CodeIgniter\BaseModel->insert(Array, true)
#7 C:\xampp1\htdocs\codeigniter4-CodeIgniter4-202f41a\app\Controllers\Login.php(23): CodeIgniter\Model->insert(Array)
#8 C:\xampp1\htdocs\codeigniter4-CodeIgniter4-202f41a\system\CodeIgniter.php(832): App\Controllers\Login->login()
#9 C:\xampp1\htdocs\codeigniter4-CodeIgniter4-202f41a\system\CodeIgniter.php(419): CodeIgniter\CodeIgniter->runController(Object(App\Controllers\Login))
#10 C:\xampp1\htdocs\codeigniter4-CodeIgniter4-202f41a\system\CodeIgniter.php(326): CodeIgniter\CodeIgniter->handleRequest(NULL, Object(Config\Cache), false)
#11 C:\xampp1\htdocs\codeigniter4-CodeIgniter4-202f41a\public\index.php(37): CodeIgniter\CodeIgniter->run()
#12 C:\xampp1\htdocs\codeigniter4-CodeIgniter4-202f41a\system\Commands\Server\rewrite.php(43): require_once('C:\\xampp1\\htdoc...')
#13 {main}
CRITICAL - 2022-04-01 05:36:27 --> Call to undefined method CodeIgniter\Validation\Validation::Error()
#0 C:\xampp1\htdocs\codeigniter4-CodeIgniter4-202f41a\system\View\View.php(210): include()
#1 C:\xampp1\htdocs\codeigniter4-CodeIgniter4-202f41a\system\View\View.php(213): CodeIgniter\View\View->CodeIgniter\View\{closure}()
#2 C:\xampp1\htdocs\codeigniter4-CodeIgniter4-202f41a\system\Common.php(1089): CodeIgniter\View\View->render('form', Array, true)
#3 C:\xampp1\htdocs\codeigniter4-CodeIgniter4-202f41a\app\Controllers\Login.php(26): view('form', Array)
#4 C:\xampp1\htdocs\codeigniter4-CodeIgniter4-202f41a\system\CodeIgniter.php(832): App\Controllers\Login->login()
#5 C:\xampp1\htdocs\codeigniter4-CodeIgniter4-202f41a\system\CodeIgniter.php(419): CodeIgniter\CodeIgniter->runController(Object(App\Controllers\Login))
#6 C:\xampp1\htdocs\codeigniter4-CodeIgniter4-202f41a\system\CodeIgniter.php(326): CodeIgniter\CodeIgniter->handleRequest(NULL, Object(Config\Cache), false)
#7 C:\xampp1\htdocs\codeigniter4-CodeIgniter4-202f41a\public\index.php(37): CodeIgniter\CodeIgniter->run()
#8 C:\xampp1\htdocs\codeigniter4-CodeIgniter4-202f41a\system\Commands\Server\rewrite.php(43): require_once('C:\\xampp1\\htdoc...')
#9 {main}
