ERROR - 2022-04-25 00:08:12 --> Email: sendWithSmtp throwed fsockopen(): SSL operation failed with code 1. OpenSSL Error messages:
error:1408F10B:SSL routines:ssl3_get_record:wrong version number
CRITICAL - 2022-04-25 00:08:12 --> view(): Argument #2 ($data) must be of type array, string given, called in C:\xampp1\htdocs\codeigniter4-CodeIgniter4-202f41a\app\Controllers\Register.php on line 243
#0 C:\xampp1\htdocs\codeigniter4-CodeIgniter4-202f41a\app\Controllers\Register.php(243): view('forgot-password', 'Unable to send ...')
#1 C:\xampp1\htdocs\codeigniter4-CodeIgniter4-202f41a\system\CodeIgniter.php(832): App\Controllers\Register->forgot_password()
#2 C:\xampp1\htdocs\codeigniter4-CodeIgniter4-202f41a\system\CodeIgniter.php(419): CodeIgniter\CodeIgniter->runController(Object(App\Controllers\Register))
#3 C:\xampp1\htdocs\codeigniter4-CodeIgniter4-202f41a\system\CodeIgniter.php(326): CodeIgniter\CodeIgniter->handleRequest(NULL, Object(Config\Cache), false)
#4 C:\xampp1\htdocs\codeigniter4-CodeIgniter4-202f41a\public\index.php(37): CodeIgniter\CodeIgniter->run()
#5 C:\xampp1\htdocs\codeigniter4-CodeIgniter4-202f41a\system\Commands\Server\rewrite.php(43): require_once('C:\\xampp1\\htdoc...')
#6 {main}
ERROR - 2022-04-25 00:08:20 --> Email: sendWithSmtp throwed fsockopen(): SSL operation failed with code 1. OpenSSL Error messages:
error:1408F10B:SSL routines:ssl3_get_record:wrong version number
CRITICAL - 2022-04-25 00:08:20 --> view(): Argument #2 ($data) must be of type array, string given, called in C:\xampp1\htdocs\codeigniter4-CodeIgniter4-202f41a\app\Controllers\Register.php on line 243
#0 C:\xampp1\htdocs\codeigniter4-CodeIgniter4-202f41a\app\Controllers\Register.php(243): view('forgot-password', 'Unable to send ...')
#1 C:\xampp1\htdocs\codeigniter4-CodeIgniter4-202f41a\system\CodeIgniter.php(832): App\Controllers\Register->forgot_password()
#2 C:\xampp1\htdocs\codeigniter4-CodeIgniter4-202f41a\system\CodeIgniter.php(419): CodeIgniter\CodeIgniter->runController(Object(App\Controllers\Register))
#3 C:\xampp1\htdocs\codeigniter4-CodeIgniter4-202f41a\system\CodeIgniter.php(326): CodeIgniter\CodeIgniter->handleRequest(NULL, Object(Config\Cache), false)
#4 C:\xampp1\htdocs\codeigniter4-CodeIgniter4-202f41a\public\index.php(37): CodeIgniter\CodeIgniter->run()
#5 C:\xampp1\htdocs\codeigniter4-CodeIgniter4-202f41a\system\Commands\Server\rewrite.php(43): require_once('C:\\xampp1\\htdoc...')
#6 {main}
ERROR - 2022-04-25 00:08:54 --> Email: sendWithSmtp throwed fsockopen(): SSL operation failed with code 1. OpenSSL Error messages:
error:1408F10B:SSL routines:ssl3_get_record:wrong version number
CRITICAL - 2022-04-25 00:08:54 --> view(): Argument #2 ($data) must be of type array, string given, called in C:\xampp1\htdocs\codeigniter4-CodeIgniter4-202f41a\app\Controllers\Register.php on line 243
#0 C:\xampp1\htdocs\codeigniter4-CodeIgniter4-202f41a\app\Controllers\Register.php(243): view('forgot-password', 'Unable to send ...')
#1 C:\xampp1\htdocs\codeigniter4-CodeIgniter4-202f41a\system\CodeIgniter.php(832): App\Controllers\Register->forgot_password()
#2 C:\xampp1\htdocs\codeigniter4-CodeIgniter4-202f41a\system\CodeIgniter.php(419): CodeIgniter\CodeIgniter->runController(Object(App\Controllers\Register))
#3 C:\xampp1\htdocs\codeigniter4-CodeIgniter4-202f41a\system\CodeIgniter.php(326): CodeIgniter\CodeIgniter->handleRequest(NULL, Object(Config\Cache), false)
#4 C:\xampp1\htdocs\codeigniter4-CodeIgniter4-202f41a\public\index.php(37): CodeIgniter\CodeIgniter->run()
#5 C:\xampp1\htdocs\codeigniter4-CodeIgniter4-202f41a\system\Commands\Server\rewrite.php(43): require_once('C:\\xampp1\\htdoc...')
#6 {main}
ERROR - 2022-04-25 00:09:29 --> Email: sendWithSmtp throwed fsockopen(): SSL operation failed with code 1. OpenSSL Error messages:
error:1408F10B:SSL routines:ssl3_get_record:wrong version number
ERROR - 2022-04-25 00:10:47 --> Email: sendWithSmtp throwed fsockopen(): SSL operation failed with code 1. OpenSSL Error messages:
error:1408F10B:SSL routines:ssl3_get_record:wrong version number
CRITICAL - 2022-04-25 00:10:47 --> view(): Argument #2 ($data) must be of type array, string given, called in C:\xampp1\htdocs\codeigniter4-CodeIgniter4-202f41a\app\Controllers\Register.php on line 243
#0 C:\xampp1\htdocs\codeigniter4-CodeIgniter4-202f41a\app\Controllers\Register.php(243): view('forgot-password', 'Unable to send ...')
#1 C:\xampp1\htdocs\codeigniter4-CodeIgniter4-202f41a\system\CodeIgniter.php(832): App\Controllers\Register->forgot_password()
#2 C:\xampp1\htdocs\codeigniter4-CodeIgniter4-202f41a\system\CodeIgniter.php(419): CodeIgniter\CodeIgniter->runController(Object(App\Controllers\Register))
#3 C:\xampp1\htdocs\codeigniter4-CodeIgniter4-202f41a\system\CodeIgniter.php(326): CodeIgniter\CodeIgniter->handleRequest(NULL, Object(Config\Cache), false)
#4 C:\xampp1\htdocs\codeigniter4-CodeIgniter4-202f41a\public\index.php(37): CodeIgniter\CodeIgniter->run()
#5 C:\xampp1\htdocs\codeigniter4-CodeIgniter4-202f41a\system\Commands\Server\rewrite.php(43): require_once('C:\\xampp1\\htdoc...')
#6 {main}
ERROR - 2022-04-25 00:11:48 --> Email: sendWithSmtp throwed fsockopen(): SSL operation failed with code 1. OpenSSL Error messages:
error:1408F10B:SSL routines:ssl3_get_record:wrong version number
CRITICAL - 2022-04-25 00:11:48 --> view(): Argument #2 ($data) must be of type array, string given, called in C:\xampp1\htdocs\codeigniter4-CodeIgniter4-202f41a\app\Controllers\Register.php on line 243
#0 C:\xampp1\htdocs\codeigniter4-CodeIgniter4-202f41a\app\Controllers\Register.php(243): view('forgot-password', 'Unable to send ...')
#1 C:\xampp1\htdocs\codeigniter4-CodeIgniter4-202f41a\system\CodeIgniter.php(832): App\Controllers\Register->forgot_password()
#2 C:\xampp1\htdocs\codeigniter4-CodeIgniter4-202f41a\system\CodeIgniter.php(419): CodeIgniter\CodeIgniter->runController(Object(App\Controllers\Register))
#3 C:\xampp1\htdocs\codeigniter4-CodeIgniter4-202f41a\system\CodeIgniter.php(326): CodeIgniter\CodeIgniter->handleRequest(NULL, Object(Config\Cache), false)
#4 C:\xampp1\htdocs\codeigniter4-CodeIgniter4-202f41a\public\index.php(37): CodeIgniter\CodeIgniter->run()
#5 C:\xampp1\htdocs\codeigniter4-CodeIgniter4-202f41a\system\Commands\Server\rewrite.php(43): require_once('C:\\xampp1\\htdoc...')
#6 {main}
ERROR - 2022-04-25 00:13:24 --> Email: sendWithSmtp throwed fsockopen(): SSL operation failed with code 1. OpenSSL Error messages:
error:1408F10B:SSL routines:ssl3_get_record:wrong version number
CRITICAL - 2022-04-25 00:13:24 --> view(): Argument #2 ($data) must be of type array, string given, called in C:\xampp1\htdocs\codeigniter4-CodeIgniter4-202f41a\app\Controllers\Register.php on line 243
#0 C:\xampp1\htdocs\codeigniter4-CodeIgniter4-202f41a\app\Controllers\Register.php(243): view('forgot-password', 'Unable to send ...')
#1 C:\xampp1\htdocs\codeigniter4-CodeIgniter4-202f41a\system\CodeIgniter.php(832): App\Controllers\Register->forgot_password()
#2 C:\xampp1\htdocs\codeigniter4-CodeIgniter4-202f41a\system\CodeIgniter.php(419): CodeIgniter\CodeIgniter->runController(Object(App\Controllers\Register))
#3 C:\xampp1\htdocs\codeigniter4-CodeIgniter4-202f41a\system\CodeIgniter.php(326): CodeIgniter\CodeIgniter->handleRequest(NULL, Object(Config\Cache), false)
#4 C:\xampp1\htdocs\codeigniter4-CodeIgniter4-202f41a\public\index.php(37): CodeIgniter\CodeIgniter->run()
#5 C:\xampp1\htdocs\codeigniter4-CodeIgniter4-202f41a\system\Commands\Server\rewrite.php(43): require_once('C:\\xampp1\\htdoc...')
#6 {main}
ERROR - 2022-04-25 00:13:56 --> Email: sendWithSmtp throwed fsockopen(): SSL operation failed with code 1. OpenSSL Error messages:
error:1408F10B:SSL routines:ssl3_get_record:wrong version number
ERROR - 2022-04-25 00:15:18 --> Email: sendWithSmtp throwed fsockopen(): SSL operation failed with code 1. OpenSSL Error messages:
error:1408F10B:SSL routines:ssl3_get_record:wrong version number
CRITICAL - 2022-04-25 00:15:18 --> view(): Argument #2 ($data) must be of type array, string given, called in C:\xampp1\htdocs\codeigniter4-CodeIgniter4-202f41a\app\Controllers\Register.php on line 243
#0 C:\xampp1\htdocs\codeigniter4-CodeIgniter4-202f41a\app\Controllers\Register.php(243): view('forgot-password', 'Unable to send ...')
#1 C:\xampp1\htdocs\codeigniter4-CodeIgniter4-202f41a\system\CodeIgniter.php(832): App\Controllers\Register->forgot_password()
#2 C:\xampp1\htdocs\codeigniter4-CodeIgniter4-202f41a\system\CodeIgniter.php(419): CodeIgniter\CodeIgniter->runController(Object(App\Controllers\Register))
#3 C:\xampp1\htdocs\codeigniter4-CodeIgniter4-202f41a\system\CodeIgniter.php(326): CodeIgniter\CodeIgniter->handleRequest(NULL, Object(Config\Cache), false)
#4 C:\xampp1\htdocs\codeigniter4-CodeIgniter4-202f41a\public\index.php(37): CodeIgniter\CodeIgniter->run()
#5 C:\xampp1\htdocs\codeigniter4-CodeIgniter4-202f41a\system\Commands\Server\rewrite.php(43): require_once('C:\\xampp1\\htdoc...')
#6 {main}
ERROR - 2022-04-25 00:15:48 --> Email: sendWithSmtp throwed fsockopen(): SSL operation failed with code 1. OpenSSL Error messages:
error:1408F10B:SSL routines:ssl3_get_record:wrong version number
CRITICAL - 2022-04-25 00:15:49 --> view(): Argument #2 ($data) must be of type array, string given, called in C:\xampp1\htdocs\codeigniter4-CodeIgniter4-202f41a\app\Controllers\Register.php on line 243
#0 C:\xampp1\htdocs\codeigniter4-CodeIgniter4-202f41a\app\Controllers\Register.php(243): view('forgot-password', 'Unable to send ...')
#1 C:\xampp1\htdocs\codeigniter4-CodeIgniter4-202f41a\system\CodeIgniter.php(832): App\Controllers\Register->forgot_password()
#2 C:\xampp1\htdocs\codeigniter4-CodeIgniter4-202f41a\system\CodeIgniter.php(419): CodeIgniter\CodeIgniter->runController(Object(App\Controllers\Register))
#3 C:\xampp1\htdocs\codeigniter4-CodeIgniter4-202f41a\system\CodeIgniter.php(326): CodeIgniter\CodeIgniter->handleRequest(NULL, Object(Config\Cache), false)
#4 C:\xampp1\htdocs\codeigniter4-CodeIgniter4-202f41a\public\index.php(37): CodeIgniter\CodeIgniter->run()
#5 C:\xampp1\htdocs\codeigniter4-CodeIgniter4-202f41a\system\Commands\Server\rewrite.php(43): require_once('C:\\xampp1\\htdoc...')
#6 {main}
ERROR - 2022-04-25 00:17:05 --> Email: sendWithSmtp throwed fsockopen(): SSL operation failed with code 1. OpenSSL Error messages:
error:1408F10B:SSL routines:ssl3_get_record:wrong version number
CRITICAL - 2022-04-25 00:17:05 --> view(): Argument #2 ($data) must be of type array, string given, called in C:\xampp1\htdocs\codeigniter4-CodeIgniter4-202f41a\app\Controllers\Register.php on line 243
#0 C:\xampp1\htdocs\codeigniter4-CodeIgniter4-202f41a\app\Controllers\Register.php(243): view('forgot-password', 'Unable to send ...')
#1 C:\xampp1\htdocs\codeigniter4-CodeIgniter4-202f41a\system\CodeIgniter.php(832): App\Controllers\Register->forgot_password()
#2 C:\xampp1\htdocs\codeigniter4-CodeIgniter4-202f41a\system\CodeIgniter.php(419): CodeIgniter\CodeIgniter->runController(Object(App\Controllers\Register))
#3 C:\xampp1\htdocs\codeigniter4-CodeIgniter4-202f41a\system\CodeIgniter.php(326): CodeIgniter\CodeIgniter->handleRequest(NULL, Object(Config\Cache), false)
#4 C:\xampp1\htdocs\codeigniter4-CodeIgniter4-202f41a\public\index.php(37): CodeIgniter\CodeIgniter->run()
#5 C:\xampp1\htdocs\codeigniter4-CodeIgniter4-202f41a\system\Commands\Server\rewrite.php(43): require_once('C:\\xampp1\\htdoc...')
#6 {main}
ERROR - 2022-04-25 00:17:29 --> Email: sendWithSmtp throwed fsockopen(): SSL operation failed with code 1. OpenSSL Error messages:
error:1408F10B:SSL routines:ssl3_get_record:wrong version number
ERROR - 2022-04-25 00:18:22 --> Email: sendWithSmtp throwed fsockopen(): SSL operation failed with code 1. OpenSSL Error messages:
error:1408F10B:SSL routines:ssl3_get_record:wrong version number
ERROR - 2022-04-25 00:19:17 --> Email: sendWithSmtp throwed fsockopen(): SSL operation failed with code 1. OpenSSL Error messages:
error:1408F10B:SSL routines:ssl3_get_record:wrong version number
ERROR - 2022-04-25 00:20:50 --> Email: sendWithSmtp throwed fsockopen(): SSL operation failed with code 1. OpenSSL Error messages:
error:1408F10B:SSL routines:ssl3_get_record:wrong version number
ERROR - 2022-04-25 00:35:00 --> Email: sendWithSmtp throwed fsockopen(): SSL operation failed with code 1. OpenSSL Error messages:
error:1408F10B:SSL routines:ssl3_get_record:wrong version number
ERROR - 2022-04-25 01:45:27 --> Email: sendWithSmtp throwed fsockopen(): SSL operation failed with code 1. OpenSSL Error messages:
error:1408F10B:SSL routines:ssl3_get_record:wrong version number
ERROR - 2022-04-25 01:50:10 --> Email: sendWithSmtp throwed fsockopen(): SSL operation failed with code 1. OpenSSL Error messages:
error:1408F10B:SSL routines:ssl3_get_record:wrong version number
ERROR - 2022-04-25 02:21:26 --> Email: sendWithSmtp throwed fsockopen(): SSL operation failed with code 1. OpenSSL Error messages:
error:1408F10B:SSL routines:ssl3_get_record:wrong version number
ERROR - 2022-04-25 02:23:42 --> Email: sendWithSmtp throwed fsockopen(): SSL operation failed with code 1. OpenSSL Error messages:
error:1408F10B:SSL routines:ssl3_get_record:wrong version number
ERROR - 2022-04-25 02:24:31 --> Email: sendWithSmtp throwed fsockopen(): SSL operation failed with code 1. OpenSSL Error messages:
error:1408F10B:SSL routines:ssl3_get_record:wrong version number
ERROR - 2022-04-25 02:38:42 --> Email: sendWithSmtp throwed fsockopen(): SSL operation failed with code 1. OpenSSL Error messages:
error:1408F10B:SSL routines:ssl3_get_record:wrong version number
ERROR - 2022-04-25 02:46:33 --> Email: sendWithSmtp throwed fsockopen(): SSL operation failed with code 1. OpenSSL Error messages:
error:1408F10B:SSL routines:ssl3_get_record:wrong version number
ERROR - 2022-04-25 02:48:32 --> Email: sendWithSmtp throwed fsockopen(): SSL operation failed with code 1. OpenSSL Error messages:
error:1408F10B:SSL routines:ssl3_get_record:wrong version number
ERROR - 2022-04-25 02:54:29 --> Email: sendWithSmtp throwed fsockopen(): SSL operation failed with code 1. OpenSSL Error messages:
error:1408F10B:SSL routines:ssl3_get_record:wrong version number
ERROR - 2022-04-25 02:54:47 --> Email: sendWithSmtp throwed fsockopen(): SSL operation failed with code 1. OpenSSL Error messages:
error:1408F10B:SSL routines:ssl3_get_record:wrong version number
ERROR - 2022-04-25 02:55:39 --> Email: sendWithSmtp throwed fsockopen(): SSL operation failed with code 1. OpenSSL Error messages:
error:1408F10B:SSL routines:ssl3_get_record:wrong version number
ERROR - 2022-04-25 03:03:03 --> Email: sendWithSmtp throwed fsockopen(): SSL operation failed with code 1. OpenSSL Error messages:
error:1408F10B:SSL routines:ssl3_get_record:wrong version number
ERROR - 2022-04-25 04:21:00 --> Email: sendWithSmtp throwed fsockopen(): SSL operation failed with code 1. OpenSSL Error messages:
error:1408F10B:SSL routines:ssl3_get_record:wrong version number
ERROR - 2022-04-25 05:00:48 --> Email: sendWithSmtp throwed fsockopen(): SSL operation failed with code 1. OpenSSL Error messages:
error:1408F10B:SSL routines:ssl3_get_record:wrong version number
ERROR - 2022-04-25 05:01:22 --> Email: sendWithSmtp throwed fsockopen(): SSL operation failed with code 1. OpenSSL Error messages:
error:1408F10B:SSL routines:ssl3_get_record:wrong version number
ERROR - 2022-04-25 05:12:20 --> Email: sendWithSmtp throwed fsockopen(): SSL operation failed with code 1. OpenSSL Error messages:
error:1408F10B:SSL routines:ssl3_get_record:wrong version number
ERROR - 2022-04-25 05:15:02 --> Email: sendWithSmtp throwed fsockopen(): php_network_getaddresses: getaddrinfo for ssl failed: No such host is known. 
ERROR - 2022-04-25 05:22:37 --> Email: sendWithSmtp throwed fsockopen(): SSL operation failed with code 1. OpenSSL Error messages:
error:1408F10B:SSL routines:ssl3_get_record:wrong version number
ERROR - 2022-04-25 05:23:56 --> Email: sendWithSmtp throwed fsockopen(): SSL operation failed with code 1. OpenSSL Error messages:
error:1408F10B:SSL routines:ssl3_get_record:wrong version number
CRITICAL - 2022-04-25 05:36:47 --> Call to a member function updatedAt() on null
#0 C:\xampp1\htdocs\codeigniter4-CodeIgniter4-202f41a\system\CodeIgniter.php(832): App\Controllers\Register->forgot_password()
#1 C:\xampp1\htdocs\codeigniter4-CodeIgniter4-202f41a\system\CodeIgniter.php(419): CodeIgniter\CodeIgniter->runController(Object(App\Controllers\Register))
#2 C:\xampp1\htdocs\codeigniter4-CodeIgniter4-202f41a\system\CodeIgniter.php(326): CodeIgniter\CodeIgniter->handleRequest(NULL, Object(Config\Cache), false)
#3 C:\xampp1\htdocs\codeigniter4-CodeIgniter4-202f41a\public\index.php(37): CodeIgniter\CodeIgniter->run()
#4 C:\xampp1\htdocs\codeigniter4-CodeIgniter4-202f41a\system\Commands\Server\rewrite.php(43): require_once('C:\\xampp1\\htdoc...')
#5 {main}
CRITICAL - 2022-04-25 07:09:10 --> Call to a member function update_password() on null
#0 C:\xampp1\htdocs\codeigniter4-CodeIgniter4-202f41a\system\CodeIgniter.php(832): App\Controllers\Register->recover_password()
#1 C:\xampp1\htdocs\codeigniter4-CodeIgniter4-202f41a\system\CodeIgniter.php(419): CodeIgniter\CodeIgniter->runController(Object(App\Controllers\Register))
#2 C:\xampp1\htdocs\codeigniter4-CodeIgniter4-202f41a\system\CodeIgniter.php(326): CodeIgniter\CodeIgniter->handleRequest(NULL, Object(Config\Cache), false)
#3 C:\xampp1\htdocs\codeigniter4-CodeIgniter4-202f41a\public\index.php(37): CodeIgniter\CodeIgniter->run()
#4 C:\xampp1\htdocs\codeigniter4-CodeIgniter4-202f41a\system\Commands\Server\rewrite.php(43): require_once('C:\\xampp1\\htdoc...')
#5 {main}
CRITICAL - 2022-04-25 07:09:43 --> Call to a member function update_password() on null
#0 C:\xampp1\htdocs\codeigniter4-CodeIgniter4-202f41a\system\CodeIgniter.php(832): App\Controllers\Register->recover_password()
#1 C:\xampp1\htdocs\codeigniter4-CodeIgniter4-202f41a\system\CodeIgniter.php(419): CodeIgniter\CodeIgniter->runController(Object(App\Controllers\Register))
#2 C:\xampp1\htdocs\codeigniter4-CodeIgniter4-202f41a\system\CodeIgniter.php(326): CodeIgniter\CodeIgniter->handleRequest(NULL, Object(Config\Cache), false)
#3 C:\xampp1\htdocs\codeigniter4-CodeIgniter4-202f41a\public\index.php(37): CodeIgniter\CodeIgniter->run()
#4 C:\xampp1\htdocs\codeigniter4-CodeIgniter4-202f41a\system\Commands\Server\rewrite.php(43): require_once('C:\\xampp1\\htdoc...')
#5 {main}
